# JRE version: Java(TM) SE Runtime Environment (17.0.1+12) (build 17.0.1+12-LTS-39)
# Java VM: Java HotSpot(TM) 64-Bit Server VM (17.0.1+12-LTS-39, mixed mode, sharing, tiered, compressed oops, compressed class ptrs, g1 gc, windows-amd64)
GC Precious Log:
 CPUs: 8 total, 8 available
 Memory: 7959M
 Large Page Support: Disabled
 NUMA Support: Disabled
 Compressed Oops: Enabled (32-bit)
 Heap Region Size: 1M
 Heap Min Capacity: 8M
 Heap Initial Capacity: 126M
 Heap Max Capacity: 2G
 Pre-touch: Disabled
 Parallel Workers: 8
 Concurrent Workers: 2
 Concurrent Refinement Workers: 8
 Periodic GC: Disabled
Heap:
 garbage-first heap   total 417792K, used 144929K [0x0000000080000000, 0x0000000100000000)
  region size 1024K, 14 young (14336K), 1 survivors (1024K)
 Metaspace       used 92018K, committed 93312K, reserved 503808K
  class space    used 12930K, committed 13504K, reserved 421888K
GC Heap History (20 events):
Event: 53.824 GC heap before
{Heap before GC invocations=50 (full 0):
 garbage-first heap   total 165888K, used 135768K [0x0000000080000000, 0x0000000100000000)
  region size 1024K, 41 young (41984K), 6 survivors (6144K)
 Metaspace       used 86459K, committed 87552K, reserved 503808K
  class space    used 12168K, committed 12672K, reserved 421888K
}
Event: 53.833 GC heap after
{Heap after GC invocations=51 (full 0):
 garbage-first heap   total 165888K, used 103501K [0x0000000080000000, 0x0000000100000000)
  region size 1024K, 4 young (4096K), 4 survivors (4096K)
 Metaspace       used 86459K, committed 87552K, reserved 503808K
  class space    used 12168K, committed 12672K, reserved 421888K
}
Event: 54.732 GC heap before
{Heap before GC invocations=52 (full 0):
 garbage-first heap   total 188416K, used 135245K [0x0000000080000000, 0x0000000100000000)
  region size 1024K, 35 young (35840K), 4 survivors (4096K)
 Metaspace       used 87157K, committed 88320K, reserved 503808K
  class space    used 12276K, committed 12800K, reserved 421888K
}
Event: 54.738 GC heap after
{Heap after GC invocations=53 (full 0):
 garbage-first heap   total 188416K, used 106761K [0x0000000080000000, 0x0000000100000000)
  region size 1024K, 4 young (4096K), 4 survivors (4096K)
 Metaspace       used 87157K, committed 88320K, reserved 503808K
  class space    used 12276K, committed 12800K, reserved 421888K
}
Event: 55.433 GC heap before
{Heap before GC invocations=53 (full 0):
 garbage-first heap   total 188416K, used 149769K [0x0000000080000000, 0x0000000100000000)
  region size 1024K, 46 young (47104K), 4 survivors (4096K)
 Metaspace       used 87597K, committed 88768K, reserved 503808K
  class space    used 12337K, committed 12864K, reserved 421888K
}
Event: 55.442 GC heap after
{Heap after GC invocations=54 (full 0):
 garbage-first heap   total 188416K, used 112896K [0x0000000080000000, 0x0000000100000000)
  region size 1024K, 6 young (6144K), 6 survivors (6144K)
 Metaspace       used 87597K, committed 88768K, reserved 503808K
  class space    used 12337K, committed 12864K, reserved 421888K
}
Event: 56.158 GC heap before
{Heap before GC invocations=55 (full 0):
 garbage-first heap   total 198656K, used 151808K [0x0000000080000000, 0x0000000100000000)
  region size 1024K, 44 young (45056K), 6 survivors (6144K)
 Metaspace       used 88150K, committed 89280K, reserved 503808K
  class space    used 12405K, committed 12928K, reserved 421888K
}
Event: 56.172 GC heap after
{Heap after GC invocations=56 (full 0):
 garbage-first heap   total 198656K, used 119315K [0x0000000080000000, 0x0000000100000000)
  region size 1024K, 6 young (6144K), 6 survivors (6144K)
 Metaspace       used 88150K, committed 89280K, reserved 503808K
  class space    used 12405K, committed 12928K, reserved 421888K
}
Event: 56.206 GC heap before
{Heap before GC invocations=56 (full 0):
 garbage-first heap   total 198656K, used 122387K [0x0000000080000000, 0x0000000100000000)
  region size 1024K, 9 young (9216K), 6 survivors (6144K)
 Metaspace       used 88164K, committed 89344K, reserved 503808K
  class space    used 12406K, committed 12928K, reserved 421888K
}
Event: 56.216 GC heap after
{Heap after GC invocations=57 (full 0):
 garbage-first heap   total 198656K, used 120068K [0x0000000080000000, 0x0000000100000000)
  region size 1024K, 1 young (1024K), 1 survivors (1024K)
 Metaspace       used 88164K, committed 89344K, reserved 503808K
  class space    used 12406K, committed 12928K, reserved 421888K
}
Event: 56.941 GC heap before
{Heap before GC invocations=57 (full 0):
 garbage-first heap   total 198656K, used 158980K [0x0000000080000000, 0x0000000100000000)
  region size 1024K, 40 young (40960K), 1 survivors (1024K)
 Metaspace       used 88768K, committed 90048K, reserved 503808K
  class space    used 12482K, committed 13056K, reserved 421888K
}
Event: 56.949 GC heap after
{Heap after GC invocations=58 (full 0):
 garbage-first heap   total 198656K, used 128000K [0x0000000080000000, 0x0000000100000000)
  region size 1024K, 5 young (5120K), 5 survivors (5120K)
 Metaspace       used 88768K, committed 90048K, reserved 503808K
  class space    used 12482K, committed 13056K, reserved 421888K
}
Event: 57.241 GC heap before
{Heap before GC invocations=58 (full 0):
 garbage-first heap   total 198656K, used 161792K [0x0000000080000000, 0x0000000100000000)
  region size 1024K, 38 young (38912K), 5 survivors (5120K)
 Metaspace       used 90168K, committed 91456K, reserved 503808K
  class space    used 12677K, committed 13248K, reserved 421888K
}
Event: 57.251 GC heap after
{Heap after GC invocations=59 (full 0):
 garbage-first heap   total 198656K, used 129332K [0x0000000080000000, 0x0000000100000000)
  region size 1024K, 2 young (2048K), 2 survivors (2048K)
 Metaspace       used 90168K, committed 91456K, reserved 503808K
  class space    used 12677K, committed 13248K, reserved 421888K
}
Event: 57.737 GC heap before
{Heap before GC invocations=59 (full 0):
 garbage-first heap   total 198656K, used 163124K [0x0000000080000000, 0x0000000100000000)
  region size 1024K, 35 young (35840K), 2 survivors (2048K)
 Metaspace       used 90913K, committed 92224K, reserved 503808K
  class space    used 12772K, committed 13376K, reserved 421888K
}
Event: 57.740 GC heap after
{Heap after GC invocations=60 (full 0):
 garbage-first heap   total 198656K, used 130522K [0x0000000080000000, 0x0000000100000000)
  region size 1024K, 3 young (3072K), 3 survivors (3072K)
 Metaspace       used 90913K, committed 92224K, reserved 503808K
  class space    used 12772K, committed 13376K, reserved 421888K
}
Event: 58.253 GC heap before
{Heap before GC invocations=61 (full 0):
 garbage-first heap   total 237568K, used 164209K [0x0000000080000000, 0x0000000100000000)
  region size 1024K, 37 young (37888K), 3 survivors (3072K)
 Metaspace       used 91720K, committed 93056K, reserved 503808K
  class space    used 12892K, committed 13504K, reserved 421888K
}
Event: 58.260 GC heap after
{Heap after GC invocations=62 (full 0):
 garbage-first heap   total 237568K, used 132816K [0x0000000080000000, 0x0000000100000000)
  region size 1024K, 5 young (5120K), 5 survivors (5120K)
 Metaspace       used 91720K, committed 93056K, reserved 503808K
  class space    used 12892K, committed 13504K, reserved 421888K
}
Event: 58.268 GC heap before
{Heap before GC invocations=62 (full 0):
 garbage-first heap   total 237568K, used 137936K [0x0000000080000000, 0x0000000100000000)
  region size 1024K, 11 young (11264K), 5 survivors (5120K)
 Metaspace       used 91721K, committed 93056K, reserved 503808K
  class space    used 12892K, committed 13504K, reserved 421888K
}
Event: 58.278 GC heap after
{Heap after GC invocations=63 (full 0):
 garbage-first heap   total 417792K, used 132641K [0x0000000080000000, 0x0000000100000000)
  region size 1024K, 1 young (1024K), 1 survivors (1024K)
 Metaspace       used 91721K, committed 93056K, reserved 503808K
  class space    used 12892K, committed 13504K, reserved 421888K
}

